<?xml version="1.0"?>
<VMwareUserExperienceProgram version="1.0">
  <HostUUID>52c5b921-4949-3a12-59dd-9f513d729f40</HostUUID>
  <VMwareProductName>VMware Player</VMwareProductName>
  <VMwareProductVersion>16.2.3 S</VMwareProductVersion>
  <VMwareProductBuild>19376536</VMwareProductBuild>
  <VMwareLicense>None</VMwareLicense>
  <HostOS>Linux</HostOS>
  <HostArch>x86_64</HostArch>
  <HostVersion>Linux 5.16.0-0.bpo.4-amd64 Debian GNU/Linux 11 (bullseye) Debian GNU/Linux 11 (bullseye) 11</HostVersion>
  <HostLocale>C</HostLocale>
  <AppLocale>en</AppLocale>
  <OptionalData>
    <HostModel/>
    <HostCPUID>00000000:0000000D756E65476C65746E49656E69-00000001:000306C3021008004DDAEBBFBFEBFBFF-0000000A:07300803000000000000000000000603-80000000:80000008000000000000000000000000-80000001:0000000000000000000000212C100800-80000008:00003027000000000000000000000000</HostCPUID>
    <HostLogicalCores>2</HostLogicalCores>
    <HostRAMinMB>7904</HostRAMinMB>
    <HasKeyboardFilter/>
    <HostGPUList>
      <HostGPU>
        <GPUDescription>Intel Corporation Xeon E3-1200 v3/4th Gen Core Processor Integrated Graphics Controller [8086:0402] (rev 06)</GPUDescription>
        <GPUVRAM>0</GPUVRAM>
        <MTLDeviceName/>
        <MTLDeviceRemovable>TRUE</MTLDeviceRemovable>
      </HostGPU>
    </HostGPUList>
    <HostDisplayList>
      <HostDisplay>
        <DisplayWidth>1920</DisplayWidth>
        <DisplayHeight>1080</DisplayHeight>
        <MTLDeviceName/>
        <DisplayName/>
        <IsMainDisplay>TRUE</IsMainDisplay>
      </HostDisplay>
    </HostDisplayList>
    <NetworkList>
      <VMnet>
        <Index>1</Index>
        <MTU>1500</MTU>
      </VMnet>
      <VMnet>
        <Index>8</Index>
        <MTU>1500</MTU>
      </VMnet>
    </NetworkList>
    <ActionLog>
      <Action>
        <Time>1649808228</Time>
        <Act>ViewMode</Act>
        <ID>5b1126c2-8880-2491-7222-f2e9bf3f7950</ID>
        <Detail>Console</Detail>
      </Action>
      <Action>
        <Time>1649808228</Time>
        <Act>PowerOnVM</Act>
        <ID>5b1126c2-8880-2491-7222-f2e9bf3f7950</ID>
        <Detail>windows9</Detail>
      </Action>
      <Action>
        <Time>1649808228</Time>
        <Act>HardwareVersion</Act>
        <ID>5b1126c2-8880-2491-7222-f2e9bf3f7950</ID>
        <Detail>11</Detail>
      </Action>
      <Action>
        <Time>1649808228</Time>
        <Act>EnableVPMC</Act>
        <ID>5b1126c2-8880-2491-7222-f2e9bf3f7950</ID>
        <Detail>No</Detail>
      </Action>
      <Action>
        <Time>1649808228</Time>
        <Act>LocalVM</Act>
        <ID>5b1126c2-8880-2491-7222-f2e9bf3f7950</ID>
        <Detail>PowerOn</Detail>
      </Action>
      <Action>
        <Time>1649808228</Time>
        <Act>LocalVM</Act>
        <ID>5b1126c2-8880-2491-7222-f2e9bf3f7950</ID>
        <Detail>Edit</Detail>
      </Action>
      <Action>
        <Time>1649808299</Time>
        <Act>FullOSName</Act>
        <ID>5b1126c2-8880-2491-7222-f2e9bf3f7950</ID>
        <Detail>Windows 10 Enterprise, 32-bit (Build 19042.1586)</Detail>
      </Action>
      <Action>
        <Time>1649809436</Time>
        <Act>AddUSB</Act>
        <ID/>
        <Detail>SanDisk 3.2Gen1, 0781:5583</Detail>
      </Action>
      <Action>
        <Time>1649809440</Time>
        <Act>AddUSBToVM</Act>
        <ID/>
        <Detail>SanDisk 3.2Gen1, 0781:5583</Detail>
      </Action>
      <Action>
        <Time>1649812292</Time>
        <Act>RemoveUSB</Act>
        <ID/>
        <Detail>SanDisk 3.2Gen1, 0781:5583</Detail>
      </Action>
    </ActionLog>
  </OptionalData>
</VMwareUserExperienceProgram>
