Classic Timing Analyzer report for ex2-3
Wed Jan 12 08:57:04 2022
Quartus II Version 8.1 Build 163 10/28/2008 SJ Web Edition


---------------------
; Table of Contents ;
---------------------
  1. Legal Notice
  2. Timing Analyzer Summary
  3. Timing Analyzer Settings
  4. Clock Settings Summary
  5. Clock Setup: 'CLK'
  6. tsu
  7. tco
  8. th
  9. Timing Analyzer Messages



----------------
; Legal Notice ;
----------------
Copyright (C) 1991-2008 Altera Corporation
Your use of Altera Corporation's design tools, logic functions 
and other software and tools, and its AMPP partner logic 
functions, and any output files from any of the foregoing 
(including device programming or simulation files), and any 
associated documentation or information are expressly subject 
to the terms and conditions of the Altera Program License 
Subscription Agreement, Altera MegaCore Function License 
Agreement, or other applicable license agreement, including, 
without limitation, that your use is for the sole purpose of 
programming logic devices manufactured by Altera and sold by 
Altera or its authorized distributors.  Please refer to the 
applicable agreement for further details.



+--------------------------------------------------------------------------------------------------------------------------------------------------------------------------------+
; Timing Analyzer Summary                                                                                                                                                        ;
+------------------------------+-------+---------------+------------------------------------------------+----------------+----------------+------------+----------+--------------+
; Type                         ; Slack ; Required Time ; Actual Time                                    ; From           ; To             ; From Clock ; To Clock ; Failed Paths ;
+------------------------------+-------+---------------+------------------------------------------------+----------------+----------------+------------+----------+--------------+
; Worst-case tsu               ; N/A   ; None          ; 3.233 ns                                       ; in             ; inst4          ; --         ; CLK      ; 0            ;
; Worst-case tco               ; N/A   ; None          ; 5.482 ns                                       ; inst3          ; Q2             ; CLK        ; --       ; 0            ;
; Worst-case th                ; N/A   ; None          ; -2.864 ns                                      ; in             ; inst~DUPLICATE ; --         ; CLK      ; 0            ;
; Clock Setup: 'CLK'           ; N/A   ; None          ; Restricted to 500.00 MHz ( period = 2.000 ns ) ; inst~DUPLICATE ; inst4          ; CLK        ; CLK      ; 0            ;
; Total number of failed paths ;       ;               ;                                                ;                ;                ;            ;          ; 0            ;
+------------------------------+-------+---------------+------------------------------------------------+----------------+----------------+------------+----------+--------------+


+--------------------------------------------------------------------------------------------------------------------+
; Timing Analyzer Settings                                                                                           ;
+---------------------------------------------------------------------+--------------------+------+----+-------------+
; Option                                                              ; Setting            ; From ; To ; Entity Name ;
+---------------------------------------------------------------------+--------------------+------+----+-------------+
; Device Name                                                         ; EP2S15F484C3       ;      ;    ;             ;
; Timing Models                                                       ; Final              ;      ;    ;             ;
; Default hold multicycle                                             ; Same as Multicycle ;      ;    ;             ;
; Cut paths between unrelated clock domains                           ; On                 ;      ;    ;             ;
; Cut off read during write signal paths                              ; On                 ;      ;    ;             ;
; Cut off feedback from I/O pins                                      ; On                 ;      ;    ;             ;
; Report Combined Fast/Slow Timing                                    ; Off                ;      ;    ;             ;
; Ignore Clock Settings                                               ; Off                ;      ;    ;             ;
; Analyze latches as synchronous elements                             ; On                 ;      ;    ;             ;
; Enable Recovery/Removal analysis                                    ; Off                ;      ;    ;             ;
; Enable Clock Latency                                                ; Off                ;      ;    ;             ;
; Use TimeQuest Timing Analyzer                                       ; Off                ;      ;    ;             ;
; Number of source nodes to report per destination node               ; 10                 ;      ;    ;             ;
; Number of destination nodes to report                               ; 10                 ;      ;    ;             ;
; Number of paths to report                                           ; 200                ;      ;    ;             ;
; Report Minimum Timing Checks                                        ; Off                ;      ;    ;             ;
; Use Fast Timing Models                                              ; Off                ;      ;    ;             ;
; Report IO Paths Separately                                          ; Off                ;      ;    ;             ;
; Perform Multicorner Analysis                                        ; On                 ;      ;    ;             ;
; Reports the worst-case path for each clock domain and analysis      ; Off                ;      ;    ;             ;
; Removes common clock path pessimism (CCPP) during slack computation ; Off                ;      ;    ;             ;
; Output I/O Timing Endpoint                                          ; Near End           ;      ;    ;             ;
+---------------------------------------------------------------------+--------------------+------+----+-------------+


+------------------------------------------------------------------------------------------------------------------------------------------------------------------------------------+
; Clock Settings Summary                                                                                                                                                             ;
+-----------------+--------------------+----------+------------------+---------------+--------------+----------+-----------------------+---------------------+--------+--------------+
; Clock Node Name ; Clock Setting Name ; Type     ; Fmax Requirement ; Early Latency ; Late Latency ; Based on ; Multiply Base Fmax by ; Divide Base Fmax by ; Offset ; Phase offset ;
+-----------------+--------------------+----------+------------------+---------------+--------------+----------+-----------------------+---------------------+--------+--------------+
; CLK             ;                    ; User Pin ; None             ; 0.000 ns      ; 0.000 ns     ; --       ; N/A                   ; N/A                 ; N/A    ;              ;
+-----------------+--------------------+----------+------------------+---------------+--------------+----------+-----------------------+---------------------+--------+--------------+


+------------------------------------------------------------------------------------------------------------------------------------------------------------------------------------------------------+
; Clock Setup: 'CLK'                                                                                                                                                                                   ;
+-------+------------------------------------------------+----------------+----------------+------------+----------+-----------------------------+---------------------------+-------------------------+
; Slack ; Actual fmax (period)                           ; From           ; To             ; From Clock ; To Clock ; Required Setup Relationship ; Required Longest P2P Time ; Actual Longest P2P Time ;
+-------+------------------------------------------------+----------------+----------------+------------+----------+-----------------------------+---------------------------+-------------------------+
; N/A   ; Restricted to 500.00 MHz ( period = 2.000 ns ) ; inst~DUPLICATE ; inst4          ; CLK        ; CLK      ; None                        ; None                      ; 0.681 ns                ;
; N/A   ; Restricted to 500.00 MHz ( period = 2.000 ns ) ; inst4          ; inst           ; CLK        ; CLK      ; None                        ; None                      ; 0.431 ns                ;
; N/A   ; Restricted to 500.00 MHz ( period = 2.000 ns ) ; inst4          ; inst~DUPLICATE ; CLK        ; CLK      ; None                        ; None                      ; 0.430 ns                ;
; N/A   ; Restricted to 500.00 MHz ( period = 2.000 ns ) ; inst3          ; inst4          ; CLK        ; CLK      ; None                        ; None                      ; 0.419 ns                ;
; N/A   ; Restricted to 500.00 MHz ( period = 2.000 ns ) ; inst           ; inst3          ; CLK        ; CLK      ; None                        ; None                      ; 0.407 ns                ;
; N/A   ; Restricted to 500.00 MHz ( period = 2.000 ns ) ; inst           ; inst           ; CLK        ; CLK      ; None                        ; None                      ; 0.396 ns                ;
; N/A   ; Restricted to 500.00 MHz ( period = 2.000 ns ) ; inst4          ; inst4          ; CLK        ; CLK      ; None                        ; None                      ; 0.396 ns                ;
; N/A   ; Restricted to 500.00 MHz ( period = 2.000 ns ) ; inst~DUPLICATE ; inst~DUPLICATE ; CLK        ; CLK      ; None                        ; None                      ; 0.396 ns                ;
; N/A   ; Restricted to 500.00 MHz ( period = 2.000 ns ) ; inst3          ; inst3          ; CLK        ; CLK      ; None                        ; None                      ; 0.396 ns                ;
+-------+------------------------------------------------+----------------+----------------+------------+----------+-----------------------------+---------------------------+-------------------------+


+----------------------------------------------------------------------+
; tsu                                                                  ;
+-------+--------------+------------+------+----------------+----------+
; Slack ; Required tsu ; Actual tsu ; From ; To             ; To Clock ;
+-------+--------------+------------+------+----------------+----------+
; N/A   ; None         ; 3.233 ns   ; in   ; inst4          ; CLK      ;
; N/A   ; None         ; 3.103 ns   ; in   ; inst           ; CLK      ;
; N/A   ; None         ; 3.103 ns   ; in   ; inst~DUPLICATE ; CLK      ;
+-------+--------------+------------+------+----------------+----------+


+----------------------------------------------------------------------+
; tco                                                                  ;
+-------+--------------+------------+----------------+----+------------+
; Slack ; Required tco ; Actual tco ; From           ; To ; From Clock ;
+-------+--------------+------------+----------------+----+------------+
; N/A   ; None         ; 5.482 ns   ; inst3          ; Q2 ; CLK        ;
; N/A   ; None         ; 5.361 ns   ; inst~DUPLICATE ; Q1 ; CLK        ;
; N/A   ; None         ; 5.360 ns   ; inst4          ; Q3 ; CLK        ;
+-------+--------------+------------+----------------+----+------------+


+----------------------------------------------------------------------------+
; th                                                                         ;
+---------------+-------------+-----------+------+----------------+----------+
; Minimum Slack ; Required th ; Actual th ; From ; To             ; To Clock ;
+---------------+-------------+-----------+------+----------------+----------+
; N/A           ; None        ; -2.864 ns ; in   ; inst           ; CLK      ;
; N/A           ; None        ; -2.864 ns ; in   ; inst~DUPLICATE ; CLK      ;
; N/A           ; None        ; -2.994 ns ; in   ; inst4          ; CLK      ;
+---------------+-------------+-----------+------+----------------+----------+


+--------------------------+
; Timing Analyzer Messages ;
+--------------------------+
Info: *******************************************************************
Info: Running Quartus II Classic Timing Analyzer
    Info: Version 8.1 Build 163 10/28/2008 SJ Web Edition
    Info: Processing started: Wed Jan 12 08:57:03 2022
Info: Command: quartus_tan --read_settings_files=off --write_settings_files=off ex2-3 -c ex2-3 --timing_analysis_only
Warning: Found pins functioning as undefined clocks and/or memory enables
    Info: Assuming node "CLK" is an undefined clock
Info: Clock "CLK" Internal fmax is restricted to 500.0 MHz between source register "inst~DUPLICATE" and destination register "inst4"
    Info: fmax restricted to clock pin edge rate 2.0 ns. Expand message to see actual delay path.
        Info: + Longest register to register delay is 0.681 ns
            Info: 1: + IC(0.000 ns) + CELL(0.000 ns) = 0.000 ns; Loc. = LCFF_X21_Y3_N3; Fanout = 3; REG Node = 'inst~DUPLICATE'
            Info: 2: + IC(0.254 ns) + CELL(0.272 ns) = 0.526 ns; Loc. = LCCOMB_X21_Y3_N26; Fanout = 1; COMB Node = 'inst4~20'
            Info: 3: + IC(0.000 ns) + CELL(0.155 ns) = 0.681 ns; Loc. = LCFF_X21_Y3_N27; Fanout = 4; REG Node = 'inst4'
            Info: Total cell delay = 0.427 ns ( 62.70 % )
            Info: Total interconnect delay = 0.254 ns ( 37.30 % )
        Info: - Smallest clock skew is 0.000 ns
            Info: + Shortest clock path from clock "CLK" to destination register is 2.483 ns
                Info: 1: + IC(0.000 ns) + CELL(0.854 ns) = 0.854 ns; Loc. = PIN_N20; Fanout = 1; CLK Node = 'CLK'
                Info: 2: + IC(0.343 ns) + CELL(0.000 ns) = 1.197 ns; Loc. = CLKCTRL_G3; Fanout = 4; COMB Node = 'CLK~clkctrl'
                Info: 3: + IC(0.668 ns) + CELL(0.618 ns) = 2.483 ns; Loc. = LCFF_X21_Y3_N27; Fanout = 4; REG Node = 'inst4'
                Info: Total cell delay = 1.472 ns ( 59.28 % )
                Info: Total interconnect delay = 1.011 ns ( 40.72 % )
            Info: - Longest clock path from clock "CLK" to source register is 2.483 ns
                Info: 1: + IC(0.000 ns) + CELL(0.854 ns) = 0.854 ns; Loc. = PIN_N20; Fanout = 1; CLK Node = 'CLK'
                Info: 2: + IC(0.343 ns) + CELL(0.000 ns) = 1.197 ns; Loc. = CLKCTRL_G3; Fanout = 4; COMB Node = 'CLK~clkctrl'
                Info: 3: + IC(0.668 ns) + CELL(0.618 ns) = 2.483 ns; Loc. = LCFF_X21_Y3_N3; Fanout = 3; REG Node = 'inst~DUPLICATE'
                Info: Total cell delay = 1.472 ns ( 59.28 % )
                Info: Total interconnect delay = 1.011 ns ( 40.72 % )
        Info: + Micro clock to output delay of source is 0.094 ns
        Info: + Micro setup delay of destination is 0.090 ns
Info: tsu for register "inst4" (data pin = "in", clock pin = "CLK") is 3.233 ns
    Info: + Longest pin to register delay is 5.626 ns
        Info: 1: + IC(0.000 ns) + CELL(0.810 ns) = 0.810 ns; Loc. = PIN_T6; Fanout = 3; PIN Node = 'in'
        Info: 2: + IC(4.283 ns) + CELL(0.378 ns) = 5.471 ns; Loc. = LCCOMB_X21_Y3_N26; Fanout = 1; COMB Node = 'inst4~20'
        Info: 3: + IC(0.000 ns) + CELL(0.155 ns) = 5.626 ns; Loc. = LCFF_X21_Y3_N27; Fanout = 4; REG Node = 'inst4'
        Info: Total cell delay = 1.343 ns ( 23.87 % )
        Info: Total interconnect delay = 4.283 ns ( 76.13 % )
    Info: + Micro setup delay of destination is 0.090 ns
    Info: - Shortest clock path from clock "CLK" to destination register is 2.483 ns
        Info: 1: + IC(0.000 ns) + CELL(0.854 ns) = 0.854 ns; Loc. = PIN_N20; Fanout = 1; CLK Node = 'CLK'
        Info: 2: + IC(0.343 ns) + CELL(0.000 ns) = 1.197 ns; Loc. = CLKCTRL_G3; Fanout = 4; COMB Node = 'CLK~clkctrl'
        Info: 3: + IC(0.668 ns) + CELL(0.618 ns) = 2.483 ns; Loc. = LCFF_X21_Y3_N27; Fanout = 4; REG Node = 'inst4'
        Info: Total cell delay = 1.472 ns ( 59.28 % )
        Info: Total interconnect delay = 1.011 ns ( 40.72 % )
Info: tco from clock "CLK" to destination pin "Q2" through register "inst3" is 5.482 ns
    Info: + Longest clock path from clock "CLK" to source register is 2.483 ns
        Info: 1: + IC(0.000 ns) + CELL(0.854 ns) = 0.854 ns; Loc. = PIN_N20; Fanout = 1; CLK Node = 'CLK'
        Info: 2: + IC(0.343 ns) + CELL(0.000 ns) = 1.197 ns; Loc. = CLKCTRL_G3; Fanout = 4; COMB Node = 'CLK~clkctrl'
        Info: 3: + IC(0.668 ns) + CELL(0.618 ns) = 2.483 ns; Loc. = LCFF_X21_Y3_N5; Fanout = 3; REG Node = 'inst3'
        Info: Total cell delay = 1.472 ns ( 59.28 % )
        Info: Total interconnect delay = 1.011 ns ( 40.72 % )
    Info: + Micro clock to output delay of source is 0.094 ns
    Info: + Longest register to pin delay is 2.905 ns
        Info: 1: + IC(0.000 ns) + CELL(0.000 ns) = 0.000 ns; Loc. = LCFF_X21_Y3_N5; Fanout = 3; REG Node = 'inst3'
        Info: 2: + IC(0.963 ns) + CELL(1.942 ns) = 2.905 ns; Loc. = PIN_U10; Fanout = 0; PIN Node = 'Q2'
        Info: Total cell delay = 1.942 ns ( 66.85 % )
        Info: Total interconnect delay = 0.963 ns ( 33.15 % )
Info: th for register "inst" (data pin = "in", clock pin = "CLK") is -2.864 ns
    Info: + Longest clock path from clock "CLK" to destination register is 2.483 ns
        Info: 1: + IC(0.000 ns) + CELL(0.854 ns) = 0.854 ns; Loc. = PIN_N20; Fanout = 1; CLK Node = 'CLK'
        Info: 2: + IC(0.343 ns) + CELL(0.000 ns) = 1.197 ns; Loc. = CLKCTRL_G3; Fanout = 4; COMB Node = 'CLK~clkctrl'
        Info: 3: + IC(0.668 ns) + CELL(0.618 ns) = 2.483 ns; Loc. = LCFF_X21_Y3_N1; Fanout = 2; REG Node = 'inst'
        Info: Total cell delay = 1.472 ns ( 59.28 % )
        Info: Total interconnect delay = 1.011 ns ( 40.72 % )
    Info: + Micro hold delay of destination is 0.149 ns
    Info: - Shortest pin to register delay is 5.496 ns
        Info: 1: + IC(0.000 ns) + CELL(0.810 ns) = 0.810 ns; Loc. = PIN_T6; Fanout = 3; PIN Node = 'in'
        Info: 2: + IC(4.259 ns) + CELL(0.272 ns) = 5.341 ns; Loc. = LCCOMB_X21_Y3_N0; Fanout = 1; COMB Node = 'inst~14'
        Info: 3: + IC(0.000 ns) + CELL(0.155 ns) = 5.496 ns; Loc. = LCFF_X21_Y3_N1; Fanout = 2; REG Node = 'inst'
        Info: Total cell delay = 1.237 ns ( 22.51 % )
        Info: Total interconnect delay = 4.259 ns ( 77.49 % )
Info: Quartus II Classic Timing Analyzer was successful. 0 errors, 1 warning
    Info: Peak virtual memory: 339 megabytes
    Info: Processing ended: Wed Jan 12 08:57:04 2022
    Info: Elapsed time: 00:00:01
    Info: Total CPU time (on all processors): 00:00:00


